<?xml version="1.0" encoding="UTF-8"?>
<!-- Generated by org.testng.reporters.JUnitXMLReporter -->
<testsuite ignored="0" hostname="Javeed" failures="0" tests="3" name="Default test" time="28.776" errors="0" timestamp="16 Apr 2023 21:11:31 GMT">
  <testcase classname="com.testng.pageexecution.AmazonHomeExe" name="clickAndSearchTheDslr" time="9.139"/>
  <testcase classname="com.testng.pageexecution.AmazonHomeExe" name="clickAndSearchTheIphone" time="4.638"/>
  <testcase classname="com.testng.pageexecution.AmazonHomeExe" name="clickAndSearchTheSonyTv" time="8.243"/>
</testsuite> <!-- Default test -->
