<?xml version="1.0" encoding="UTF-8"?>
<testng-results ignored="0" total="3" passed="3" failed="0" skipped="0">
  <reporter-output>
  </reporter-output>
  <suite started-at="2023-04-16T21:11:02Z" name="Default suite" finished-at="2023-04-16T21:11:31Z" duration-ms="28776">
    <groups>
    </groups>
    <test started-at="2023-04-16T21:11:02Z" name="Default test" finished-at="2023-04-16T21:11:31Z" duration-ms="28776">
      <class name="com.testng.pageexecution.AmazonHomeExe">
        <test-method is-config="true" signature="browserLaunch()[pri:0, instance:com.testng.pageexecution.AmazonHomeExe@6d07a63d]" started-at="2023-04-17T02:41:02Z" name="browserLaunch" finished-at="2023-04-17T02:41:08Z" duration-ms="6020" status="PASS">
          <reporter-output>
          </reporter-output>
        </test-method> <!-- browserLaunch -->
        <test-method signature="clickAndSearchTheDslr()[pri:0, instance:com.testng.pageexecution.AmazonHomeExe@6d07a63d]" started-at="2023-04-17T02:41:08Z" name="clickAndSearchTheDslr" finished-at="2023-04-17T02:41:17Z" duration-ms="9139" status="PASS">
          <reporter-output>
          </reporter-output>
        </test-method> <!-- clickAndSearchTheDslr -->
        <test-method signature="clickAndSearchTheIphone()[pri:0, instance:com.testng.pageexecution.AmazonHomeExe@6d07a63d]" started-at="2023-04-17T02:41:17Z" name="clickAndSearchTheIphone" finished-at="2023-04-17T02:41:22Z" duration-ms="4638" status="PASS">
          <reporter-output>
          </reporter-output>
        </test-method> <!-- clickAndSearchTheIphone -->
        <test-method signature="clickAndSearchTheSonyTv()[pri:0, instance:com.testng.pageexecution.AmazonHomeExe@6d07a63d]" started-at="2023-04-17T02:41:22Z" name="clickAndSearchTheSonyTv" finished-at="2023-04-17T02:41:30Z" duration-ms="8243" status="PASS">
          <reporter-output>
          </reporter-output>
        </test-method> <!-- clickAndSearchTheSonyTv -->
        <test-method is-config="true" signature="browserClose()[pri:0, instance:com.testng.pageexecution.AmazonHomeExe@6d07a63d]" started-at="2023-04-17T02:41:30Z" name="browserClose" finished-at="2023-04-17T02:41:31Z" duration-ms="664" status="PASS">
          <reporter-output>
          </reporter-output>
        </test-method> <!-- browserClose -->
      </class> <!-- com.testng.pageexecution.AmazonHomeExe -->
    </test> <!-- Default test -->
  </suite> <!-- Default suite -->
</testng-results>
